<?xml version="1.0" encoding="UTF-8"?>
<!-- Generated by org.testng.reporters.JUnitReportReporter -->
<testsuite hostname="LAPTOP-762K9LVG" name="com.crm.qa.testcases.HomePageTest" tests="4" failures="0" timestamp="5 Jun 2019 12:05:03 GMT" time="61.655" errors="0">
  <testcase name="theContactsPage" time="14.939" classname="com.crm.qa.testcases.HomePageTest"/>
  <testcase name="urlTest" time="14.443" classname="com.crm.qa.testcases.HomePageTest"/>
  <testcase name="theDealPage" time="12.428" classname="com.crm.qa.testcases.HomePageTest"/>
  <testcase name="homePageUrlTest" time="19.845" classname="com.crm.qa.testcases.HomePageTest"/>
</testsuite> <!-- com.crm.qa.testcases.HomePageTest -->
